[2021-01-20 11:03:24Z INFO HostContext] No proxy settings were found based on environmental variables (http_proxy/https_proxy/HTTP_PROXY/HTTPS_PROXY)
[2021-01-20 11:03:24Z INFO HostContext] Well known directory 'Bin': '/home/ijarus/Documents/nodejs/nodejs-actions/actions-runner/bin'
[2021-01-20 11:03:24Z INFO HostContext] Well known directory 'Root': '/home/ijarus/Documents/nodejs/nodejs-actions/actions-runner'
[2021-01-20 11:03:24Z INFO HostContext] Well known config file 'Credentials': '/home/ijarus/Documents/nodejs/nodejs-actions/actions-runner/.credentials'
[2021-01-20 11:03:24Z INFO Listener] Runner is built for Linux (X64) - linux-x64.
[2021-01-20 11:03:24Z INFO Listener] RuntimeInformation: Linux 5.8.0-38-generic #43~20.04.1-Ubuntu SMP Tue Jan 12 16:39:47 UTC 2021.
[2021-01-20 11:03:25Z INFO Listener] Version: 2.275.1
[2021-01-20 11:03:25Z INFO Listener] Commit: de955418e4e8e0c51546a8495d9236f24edc1321
[2021-01-20 11:03:25Z INFO Listener] Culture: en-US
[2021-01-20 11:03:25Z INFO Listener] UI Culture: en-US
[2021-01-20 11:03:25Z INFO HostContext] Well known directory 'Bin': '/home/ijarus/Documents/nodejs/nodejs-actions/actions-runner/bin'
[2021-01-20 11:03:25Z INFO HostContext] Well known directory 'Root': '/home/ijarus/Documents/nodejs/nodejs-actions/actions-runner'
[2021-01-20 11:03:25Z INFO Listener] Validating directory permissions for: '/home/ijarus/Documents/nodejs/nodejs-actions/actions-runner'
[2021-01-20 11:03:25Z INFO CommandLineParser] Parse
[2021-01-20 11:03:25Z INFO CommandLineParser] Parsing 1 args
[2021-01-20 11:03:25Z INFO CommandLineParser] parsing argument
[2021-01-20 11:03:25Z INFO CommandLineParser] HasArgs: False
[2021-01-20 11:03:25Z INFO CommandLineParser] Adding Command: run
[2021-01-20 11:03:25Z INFO Listener] Arguments parsed
[2021-01-20 11:03:25Z INFO Runner] ExecuteCommand
[2021-01-20 11:03:25Z INFO ConfigurationStore] currentAssemblyLocation: /home/ijarus/Documents/nodejs/nodejs-actions/actions-runner/bin/Runner.Listener.dll
[2021-01-20 11:03:25Z INFO HostContext] Well known directory 'Bin': '/home/ijarus/Documents/nodejs/nodejs-actions/actions-runner/bin'
[2021-01-20 11:03:25Z INFO ConfigurationStore] binPath: /home/ijarus/Documents/nodejs/nodejs-actions/actions-runner/bin
[2021-01-20 11:03:25Z INFO HostContext] Well known directory 'Bin': '/home/ijarus/Documents/nodejs/nodejs-actions/actions-runner/bin'
[2021-01-20 11:03:25Z INFO HostContext] Well known directory 'Root': '/home/ijarus/Documents/nodejs/nodejs-actions/actions-runner'
[2021-01-20 11:03:25Z INFO ConfigurationStore] RootFolder: /home/ijarus/Documents/nodejs/nodejs-actions/actions-runner
[2021-01-20 11:03:25Z INFO HostContext] Well known directory 'Bin': '/home/ijarus/Documents/nodejs/nodejs-actions/actions-runner/bin'
[2021-01-20 11:03:25Z INFO HostContext] Well known directory 'Root': '/home/ijarus/Documents/nodejs/nodejs-actions/actions-runner'
[2021-01-20 11:03:25Z INFO HostContext] Well known config file 'Runner': '/home/ijarus/Documents/nodejs/nodejs-actions/actions-runner/.runner'
[2021-01-20 11:03:25Z INFO ConfigurationStore] ConfigFilePath: /home/ijarus/Documents/nodejs/nodejs-actions/actions-runner/.runner
[2021-01-20 11:03:25Z INFO HostContext] Well known directory 'Bin': '/home/ijarus/Documents/nodejs/nodejs-actions/actions-runner/bin'
[2021-01-20 11:03:25Z INFO HostContext] Well known directory 'Root': '/home/ijarus/Documents/nodejs/nodejs-actions/actions-runner'
[2021-01-20 11:03:25Z INFO HostContext] Well known config file 'Credentials': '/home/ijarus/Documents/nodejs/nodejs-actions/actions-runner/.credentials'
[2021-01-20 11:03:25Z INFO ConfigurationStore] CredFilePath: /home/ijarus/Documents/nodejs/nodejs-actions/actions-runner/.credentials
[2021-01-20 11:03:25Z INFO HostContext] Well known directory 'Bin': '/home/ijarus/Documents/nodejs/nodejs-actions/actions-runner/bin'
[2021-01-20 11:03:25Z INFO HostContext] Well known directory 'Root': '/home/ijarus/Documents/nodejs/nodejs-actions/actions-runner'
[2021-01-20 11:03:25Z INFO HostContext] Well known config file 'MigratedCredentials': '/home/ijarus/Documents/nodejs/nodejs-actions/actions-runner/.credentials_migrated'
[2021-01-20 11:03:25Z INFO ConfigurationStore] MigratedCredFilePath: /home/ijarus/Documents/nodejs/nodejs-actions/actions-runner/.credentials_migrated
[2021-01-20 11:03:25Z INFO HostContext] Well known directory 'Bin': '/home/ijarus/Documents/nodejs/nodejs-actions/actions-runner/bin'
[2021-01-20 11:03:25Z INFO HostContext] Well known directory 'Root': '/home/ijarus/Documents/nodejs/nodejs-actions/actions-runner'
[2021-01-20 11:03:25Z INFO HostContext] Well known config file 'Service': '/home/ijarus/Documents/nodejs/nodejs-actions/actions-runner/.service'
[2021-01-20 11:03:25Z INFO ConfigurationStore] ServiceConfigFilePath: /home/ijarus/Documents/nodejs/nodejs-actions/actions-runner/.service
[2021-01-20 11:03:25Z INFO CommandSettings] Flag 'help': 'False'
[2021-01-20 11:03:25Z INFO CommandSettings] Flag 'version': 'False'
[2021-01-20 11:03:25Z INFO CommandSettings] Flag 'commit': 'False'
[2021-01-20 11:03:25Z INFO CommandSettings] Command 'configure': 'False'
[2021-01-20 11:03:25Z INFO CommandSettings] Command 'remove': 'False'
[2021-01-20 11:03:25Z INFO CommandSettings] Command 'warmup': 'False'
[2021-01-20 11:03:25Z INFO ConfigurationManager] LoadSettings
[2021-01-20 11:03:25Z INFO ConfigurationStore] IsConfigured()
[2021-01-20 11:03:25Z INFO ConfigurationStore] IsConfigured: True
[2021-01-20 11:03:25Z INFO ConfigurationManager] Is configured: True
[2021-01-20 11:03:25Z INFO ConfigurationStore] Read setting file: 289 chars
[2021-01-20 11:03:25Z INFO ConfigurationManager] Settings Loaded
[2021-01-20 11:03:25Z INFO ConfigurationStore] IsServiceConfigured()
[2021-01-20 11:03:25Z INFO ConfigurationStore] IsServiceConfigured: False
[2021-01-20 11:03:25Z INFO CommandSettings] Command 'run': 'True'
[2021-01-20 11:03:25Z INFO ConfigurationStore] IsConfigured()
[2021-01-20 11:03:25Z INFO ConfigurationStore] IsConfigured: True
[2021-01-20 11:03:25Z INFO ConfigurationManager] Is configured: True
[2021-01-20 11:03:25Z INFO Runner] Could not parse the argument value '' for StartupType. Defaulting to Manual
[2021-01-20 11:03:25Z INFO Runner] Set runner startup type - Manual
[2021-01-20 11:03:25Z INFO CommandSettings] Flag 'once': 'False'
[2021-01-20 11:03:25Z INFO Runner] RunAsync
[2021-01-20 11:03:25Z INFO ConfigurationManager] LoadSettings
[2021-01-20 11:03:25Z INFO ConfigurationStore] IsConfigured()
[2021-01-20 11:03:25Z INFO ConfigurationStore] IsConfigured: True
[2021-01-20 11:03:25Z INFO ConfigurationManager] Is configured: True
[2021-01-20 11:03:25Z INFO ConfigurationManager] Settings Loaded
[2021-01-20 11:03:25Z INFO MessageListener] {
  "AgentId": 2,
  "AgentName": "self-hosted",
  "PoolId": 1,
  "PoolName": "Default",
  "ServerUrl": "https://pipelines.actions.githubusercontent.com/peLA1H1z3nhOQtrgxusEvOLMdldv0HfcmOLfrgkTOT9GYxFlxP",
  "GitHubUrl": "https://github.com/sjnyos/nodejs-actions",
  "WorkFolder": "_work"
}
[2021-01-20 11:03:25Z INFO MessageListener] Loading Credentials
[2021-01-20 11:03:25Z INFO ConfigurationStore] HasCredentials()
[2021-01-20 11:03:25Z INFO ConfigurationStore] stored True
[2021-01-20 11:03:25Z INFO CredentialManager] GetCredentialProvider
[2021-01-20 11:03:25Z INFO CredentialManager] Creating type OAuth
[2021-01-20 11:03:25Z INFO CredentialManager] Creating credential type: OAuth
[2021-01-20 11:03:25Z INFO HostContext] Well known directory 'Bin': '/home/ijarus/Documents/nodejs/nodejs-actions/actions-runner/bin'
[2021-01-20 11:03:25Z INFO HostContext] Well known directory 'Root': '/home/ijarus/Documents/nodejs/nodejs-actions/actions-runner'
[2021-01-20 11:03:25Z INFO HostContext] Well known config file 'RSACredentials': '/home/ijarus/Documents/nodejs/nodejs-actions/actions-runner/.credentials_rsaparams'
[2021-01-20 11:03:25Z INFO RSAFileKeyManager] Loading RSA key parameters from file /home/ijarus/Documents/nodejs/nodejs-actions/actions-runner/.credentials_rsaparams
[2021-01-20 11:03:25Z INFO MessageListener] Attempt to create session.
[2021-01-20 11:03:25Z INFO MessageListener] Connecting to the Runner Server...
[2021-01-20 11:03:25Z INFO RunnerServer] Establish connection with 100 seconds timeout.
[2021-01-20 11:03:25Z INFO GitHubActionsService] Starting operation Location.GetConnectionData
[2021-01-20 11:03:25Z INFO RunnerServer] Establish connection with 60 seconds timeout.
[2021-01-20 11:03:25Z INFO GitHubActionsService] Starting operation Location.GetConnectionData
[2021-01-20 11:03:25Z INFO RunnerServer] Establish connection with 60 seconds timeout.
[2021-01-20 11:03:25Z INFO GitHubActionsService] Starting operation Location.GetConnectionData
[2021-01-20 11:03:26Z INFO GitHubActionsService] Finished operation Location.GetConnectionData
[2021-01-20 11:03:26Z INFO GitHubActionsService] Finished operation Location.GetConnectionData
[2021-01-20 11:03:26Z INFO GitHubActionsService] Finished operation Location.GetConnectionData
[2021-01-20 11:03:27Z INFO MessageListener] VssConnection created
[2021-01-20 11:03:27Z INFO Terminal] WRITE LINE: 
[2021-01-20 11:03:27Z INFO Terminal] WRITE LINE: 
[2021-01-20 11:03:27Z WARN GitHubActionsService] Authentication failed with status code 401.
Transfer-Encoding: chunked
WWW-Authenticate: Bearer
Strict-Transport-Security: max-age=2592000
X-TFS-ProcessId: c97b1b9b-6fdb-477f-9683-2cbfb02c9bdd
ActivityId: 1a1ec0ae-d693-486b-a60a-4e609ca9941a
X-TFS-Session: b1c92f02-a6ec-4cdd-ae87-29f73e866d95
X-VSS-E2EID: 6485130d-2f58-4653-95aa-585940972c9a
X-VSS-SenderDeploymentId: 13a19993-c6bc-326c-afb4-32c5519f46f0
X-TFS-ServiceError: The+user+%27System%3aPublicAccess%3baaaaaaaa-aaaa-aaaa-aaaa-aaaaaaaaaaaa%27+is+not+authorized+to+access+this+resource.
X-VSS-S2STargetService: 0000005A-0000-8888-8000-000000000000/visualstudio.com
X-MSEdge-Ref: Ref A: FE2668FD20994FAE82425CD10DA313E3 Ref B: SIN30EDGE0112 Ref C: 2021-01-20T11:03:27Z
Date: Wed, 20 Jan 2021 11:03:27 GMT

[2021-01-20 11:03:27Z INFO RSAFileKeyManager] Loading RSA key parameters from file /home/ijarus/Documents/nodejs/nodejs-actions/actions-runner/.credentials_rsaparams
[2021-01-20 11:03:27Z INFO RSAFileKeyManager] Loading RSA key parameters from file /home/ijarus/Documents/nodejs/nodejs-actions/actions-runner/.credentials_rsaparams
[2021-01-20 11:03:28Z INFO GitHubActionsService] AAD Correlation ID for this token request: Unknown
[2021-01-20 11:03:29Z INFO MessageListener] Session created.
[2021-01-20 11:03:29Z INFO Terminal] WRITE LINE: 2021-01-20 11:03:29Z: Listening for Jobs
[2021-01-20 11:03:29Z INFO JobDispatcher] Set runner/worker IPC timeout to 30 seconds.
