[2021-01-20 11:02:53Z INFO HostContext] No proxy settings were found based on environmental variables (http_proxy/https_proxy/HTTP_PROXY/HTTPS_PROXY)
[2021-01-20 11:02:53Z INFO HostContext] Well known directory 'Bin': '/home/ijarus/Documents/nodejs/nodejs-actions/actions-runner/bin'
[2021-01-20 11:02:53Z INFO HostContext] Well known directory 'Root': '/home/ijarus/Documents/nodejs/nodejs-actions/actions-runner'
[2021-01-20 11:02:53Z INFO HostContext] Well known config file 'Credentials': '/home/ijarus/Documents/nodejs/nodejs-actions/actions-runner/.credentials'
[2021-01-20 11:02:53Z INFO Listener] Runner is built for Linux (X64) - linux-x64.
[2021-01-20 11:02:53Z INFO Listener] RuntimeInformation: Linux 5.8.0-38-generic #43~20.04.1-Ubuntu SMP Tue Jan 12 16:39:47 UTC 2021.
[2021-01-20 11:02:53Z INFO Listener] Version: 2.275.1
[2021-01-20 11:02:53Z INFO Listener] Commit: de955418e4e8e0c51546a8495d9236f24edc1321
[2021-01-20 11:02:53Z INFO Listener] Culture: en-US
[2021-01-20 11:02:53Z INFO Listener] UI Culture: en-US
[2021-01-20 11:02:53Z INFO HostContext] Well known directory 'Bin': '/home/ijarus/Documents/nodejs/nodejs-actions/actions-runner/bin'
[2021-01-20 11:02:53Z INFO HostContext] Well known directory 'Root': '/home/ijarus/Documents/nodejs/nodejs-actions/actions-runner'
[2021-01-20 11:02:53Z INFO Listener] Validating directory permissions for: '/home/ijarus/Documents/nodejs/nodejs-actions/actions-runner'
[2021-01-20 11:02:53Z INFO CommandLineParser] Parse
[2021-01-20 11:02:53Z INFO CommandLineParser] Parsing 5 args
[2021-01-20 11:02:53Z INFO CommandLineParser] parsing argument
[2021-01-20 11:02:53Z INFO CommandLineParser] HasArgs: False
[2021-01-20 11:02:53Z INFO CommandLineParser] Adding Command: configure
[2021-01-20 11:02:53Z INFO CommandLineParser] parsing argument
[2021-01-20 11:02:53Z INFO CommandLineParser] HasArgs: True
[2021-01-20 11:02:53Z INFO CommandLineParser] arg: url
[2021-01-20 11:02:53Z INFO CommandLineParser] parsing argument
[2021-01-20 11:02:53Z INFO CommandLineParser] HasArgs: True
[2021-01-20 11:02:53Z INFO CommandLineParser] Adding option 'url': 'https://github.com/sjnyos/nodejs-actions'
[2021-01-20 11:02:53Z INFO CommandLineParser] parsing argument
[2021-01-20 11:02:53Z INFO CommandLineParser] HasArgs: True
[2021-01-20 11:02:53Z INFO CommandLineParser] arg: token
[2021-01-20 11:02:53Z INFO CommandLineParser] parsing argument
[2021-01-20 11:02:53Z INFO CommandLineParser] HasArgs: True
[2021-01-20 11:02:53Z INFO CommandLineParser] Adding option 'token': '***'
[2021-01-20 11:02:53Z INFO Listener] Arguments parsed
[2021-01-20 11:02:53Z INFO Runner] ExecuteCommand
[2021-01-20 11:02:53Z INFO ConfigurationStore] currentAssemblyLocation: /home/ijarus/Documents/nodejs/nodejs-actions/actions-runner/bin/Runner.Listener.dll
[2021-01-20 11:02:53Z INFO HostContext] Well known directory 'Bin': '/home/ijarus/Documents/nodejs/nodejs-actions/actions-runner/bin'
[2021-01-20 11:02:53Z INFO ConfigurationStore] binPath: /home/ijarus/Documents/nodejs/nodejs-actions/actions-runner/bin
[2021-01-20 11:02:53Z INFO HostContext] Well known directory 'Bin': '/home/ijarus/Documents/nodejs/nodejs-actions/actions-runner/bin'
[2021-01-20 11:02:53Z INFO HostContext] Well known directory 'Root': '/home/ijarus/Documents/nodejs/nodejs-actions/actions-runner'
[2021-01-20 11:02:53Z INFO ConfigurationStore] RootFolder: /home/ijarus/Documents/nodejs/nodejs-actions/actions-runner
[2021-01-20 11:02:53Z INFO HostContext] Well known directory 'Bin': '/home/ijarus/Documents/nodejs/nodejs-actions/actions-runner/bin'
[2021-01-20 11:02:53Z INFO HostContext] Well known directory 'Root': '/home/ijarus/Documents/nodejs/nodejs-actions/actions-runner'
[2021-01-20 11:02:53Z INFO HostContext] Well known config file 'Runner': '/home/ijarus/Documents/nodejs/nodejs-actions/actions-runner/.runner'
[2021-01-20 11:02:53Z INFO ConfigurationStore] ConfigFilePath: /home/ijarus/Documents/nodejs/nodejs-actions/actions-runner/.runner
[2021-01-20 11:02:53Z INFO HostContext] Well known directory 'Bin': '/home/ijarus/Documents/nodejs/nodejs-actions/actions-runner/bin'
[2021-01-20 11:02:53Z INFO HostContext] Well known directory 'Root': '/home/ijarus/Documents/nodejs/nodejs-actions/actions-runner'
[2021-01-20 11:02:53Z INFO HostContext] Well known config file 'Credentials': '/home/ijarus/Documents/nodejs/nodejs-actions/actions-runner/.credentials'
[2021-01-20 11:02:53Z INFO ConfigurationStore] CredFilePath: /home/ijarus/Documents/nodejs/nodejs-actions/actions-runner/.credentials
[2021-01-20 11:02:53Z INFO HostContext] Well known directory 'Bin': '/home/ijarus/Documents/nodejs/nodejs-actions/actions-runner/bin'
[2021-01-20 11:02:53Z INFO HostContext] Well known directory 'Root': '/home/ijarus/Documents/nodejs/nodejs-actions/actions-runner'
[2021-01-20 11:02:53Z INFO HostContext] Well known config file 'MigratedCredentials': '/home/ijarus/Documents/nodejs/nodejs-actions/actions-runner/.credentials_migrated'
[2021-01-20 11:02:53Z INFO ConfigurationStore] MigratedCredFilePath: /home/ijarus/Documents/nodejs/nodejs-actions/actions-runner/.credentials_migrated
[2021-01-20 11:02:53Z INFO HostContext] Well known directory 'Bin': '/home/ijarus/Documents/nodejs/nodejs-actions/actions-runner/bin'
[2021-01-20 11:02:53Z INFO HostContext] Well known directory 'Root': '/home/ijarus/Documents/nodejs/nodejs-actions/actions-runner'
[2021-01-20 11:02:53Z INFO HostContext] Well known config file 'Service': '/home/ijarus/Documents/nodejs/nodejs-actions/actions-runner/.service'
[2021-01-20 11:02:53Z INFO ConfigurationStore] ServiceConfigFilePath: /home/ijarus/Documents/nodejs/nodejs-actions/actions-runner/.service
[2021-01-20 11:02:53Z INFO CommandSettings] Flag 'help': 'False'
[2021-01-20 11:02:53Z INFO CommandSettings] Flag 'version': 'False'
[2021-01-20 11:02:53Z INFO CommandSettings] Flag 'commit': 'False'
[2021-01-20 11:02:53Z INFO CommandSettings] Command 'configure': 'True'
[2021-01-20 11:02:53Z INFO Terminal] WRITE LINE: 
[2021-01-20 11:02:53Z INFO Terminal] WRITE LINE: --------------------------------------------------------------------------------
[2021-01-20 11:02:53Z INFO Terminal] WRITE LINE: |        ____ _ _   _   _       _          _        _   _                      |
[2021-01-20 11:02:53Z INFO Terminal] WRITE LINE: |       / ___(_) |_| | | |_   _| |__      / \   ___| |_(_) ___  _ __  ___      |
[2021-01-20 11:02:53Z INFO Terminal] WRITE LINE: |      | |  _| | __| |_| | | | | '_ \    / _ \ / __| __| |/ _ \| '_ \/ __|     |
[2021-01-20 11:02:53Z INFO Terminal] WRITE LINE: |      | |_| | | |_|  _  | |_| | |_) |  / ___ \ (__| |_| | (_) | | | \__ \     |
[2021-01-20 11:02:53Z INFO Terminal] WRITE LINE: |       \____|_|\__|_| |_|\__,_|_.__/  /_/   \_\___|\__|_|\___/|_| |_|___/     |
[2021-01-20 11:02:53Z INFO Terminal] WRITE LINE: |                                                                              |
[2021-01-20 11:02:53Z INFO Terminal] WRITE: |                       
[2021-01-20 11:02:53Z INFO Terminal] WRITE: Self-hosted runner registration
[2021-01-20 11:02:53Z INFO Terminal] WRITE LINE:                         |
[2021-01-20 11:02:53Z INFO Terminal] WRITE LINE: |                                                                              |
[2021-01-20 11:02:53Z INFO Terminal] WRITE LINE: --------------------------------------------------------------------------------
[2021-01-20 11:02:53Z INFO ConfigurationManager] ConfigureAsync
[2021-01-20 11:02:53Z INFO ConfigurationStore] IsConfigured()
[2021-01-20 11:02:53Z INFO ConfigurationStore] IsConfigured: False
[2021-01-20 11:02:53Z INFO ConfigurationManager] Is configured: False
[2021-01-20 11:02:53Z INFO CommandSettings] Arg 'url': 'https://github.com/sjnyos/nodejs-actions'
[2021-01-20 11:02:53Z INFO CommandSettings] Remove url from Arg dictionary.
[2021-01-20 11:02:53Z INFO CommandSettings] Arg 'token': '***'
[2021-01-20 11:02:53Z INFO CommandSettings] Remove token from Arg dictionary.
[2021-01-20 11:02:54Z INFO ConfigurationManager] Http response code: OK from 'POST https://api.github.com/actions/runner-registration'
[2021-01-20 11:02:54Z INFO ConfigurationManager] cred retrieved via GitHub auth
[2021-01-20 11:02:54Z INFO RunnerServer] Establish connection with 100 seconds timeout.
[2021-01-20 11:02:54Z INFO GitHubActionsService] Starting operation Location.GetConnectionData
[2021-01-20 11:02:54Z INFO RunnerServer] Establish connection with 60 seconds timeout.
[2021-01-20 11:02:54Z INFO GitHubActionsService] Starting operation Location.GetConnectionData
[2021-01-20 11:02:54Z INFO RunnerServer] Establish connection with 60 seconds timeout.
[2021-01-20 11:02:54Z INFO GitHubActionsService] Starting operation Location.GetConnectionData
[2021-01-20 11:02:57Z INFO GitHubActionsService] Finished operation Location.GetConnectionData
[2021-01-20 11:02:57Z INFO GitHubActionsService] Finished operation Location.GetConnectionData
[2021-01-20 11:02:57Z INFO GitHubActionsService] Finished operation Location.GetConnectionData
[2021-01-20 11:02:57Z INFO Terminal] WRITE LINE: 
[2021-01-20 11:02:57Z INFO ConfigurationManager] Test Connection complete.
[2021-01-20 11:02:57Z INFO HostContext] Well known directory 'Bin': '/home/ijarus/Documents/nodejs/nodejs-actions/actions-runner/bin'
[2021-01-20 11:02:57Z INFO HostContext] Well known directory 'Root': '/home/ijarus/Documents/nodejs/nodejs-actions/actions-runner'
[2021-01-20 11:02:57Z INFO HostContext] Well known config file 'RSACredentials': '/home/ijarus/Documents/nodejs/nodejs-actions/actions-runner/.credentials_rsaparams'
[2021-01-20 11:02:57Z INFO RSAFileKeyManager] Creating new RSA key using 2048-bit key length
[2021-01-20 11:02:57Z INFO RSAFileKeyManager] Successfully saved RSA key parameters to file /home/ijarus/Documents/nodejs/nodejs-actions/actions-runner/.credentials_rsaparams
[2021-01-20 11:02:57Z INFO RSAFileKeyManager] Which: 'chmod'
[2021-01-20 11:02:57Z INFO RSAFileKeyManager] Location: '/usr/bin/chmod'
[2021-01-20 11:02:57Z INFO HostContext] Well known directory 'Bin': '/home/ijarus/Documents/nodejs/nodejs-actions/actions-runner/bin'
[2021-01-20 11:02:57Z INFO HostContext] Well known directory 'Root': '/home/ijarus/Documents/nodejs/nodejs-actions/actions-runner'
[2021-01-20 11:02:57Z INFO ProcessInvokerWrapper] Starting process:
[2021-01-20 11:02:57Z INFO ProcessInvokerWrapper]   File name: '/usr/bin/chmod'
[2021-01-20 11:02:57Z INFO ProcessInvokerWrapper]   Arguments: '600 /home/ijarus/Documents/nodejs/nodejs-actions/actions-runner/.credentials_rsaparams'
[2021-01-20 11:02:57Z INFO ProcessInvokerWrapper]   Working directory: '/home/ijarus/Documents/nodejs/nodejs-actions/actions-runner'
[2021-01-20 11:02:57Z INFO ProcessInvokerWrapper]   Require exit code zero: 'False'
[2021-01-20 11:02:57Z INFO ProcessInvokerWrapper]   Encoding web name:  ; code page: ''
[2021-01-20 11:02:57Z INFO ProcessInvokerWrapper]   Force kill process on cancellation: 'False'
[2021-01-20 11:02:57Z INFO ProcessInvokerWrapper]   Redirected STDIN: 'False'
[2021-01-20 11:02:57Z INFO ProcessInvokerWrapper]   Persist current code page: 'False'
[2021-01-20 11:02:57Z INFO ProcessInvokerWrapper]   Keep redirected STDIN open: 'False'
[2021-01-20 11:02:57Z INFO ProcessInvokerWrapper]   High priority process: 'False'
[2021-01-20 11:02:57Z INFO ProcessInvokerWrapper] STDOUT/STDERR stream read finished.
[2021-01-20 11:02:57Z INFO ProcessInvokerWrapper] Process started with process id 68214, waiting for process exit.
[2021-01-20 11:02:57Z INFO ProcessInvokerWrapper] STDOUT/STDERR stream read finished.
[2021-01-20 11:02:57Z INFO ProcessInvokerWrapper] Finished process 68214 with exit code 0, and elapsed time 00:00:00.0062752.
[2021-01-20 11:02:57Z INFO RSAFileKeyManager] Successfully set permissions for RSA key parameters file /home/ijarus/Documents/nodejs/nodejs-actions/actions-runner/.credentials_rsaparams
[2021-01-20 11:02:57Z INFO ConfigurationManager] Found a self-hosted runner group with id {1} and name {2} 1, Default
[2021-01-20 11:02:57Z INFO CommandSettings] Arg 'name': ''
[2021-01-20 11:02:57Z INFO CommandSettings] Flag 'unattended': 'False'
[2021-01-20 11:02:57Z INFO PromptManager] ReadValue
[2021-01-20 11:02:57Z INFO Terminal] WRITE: Enter the name of runner: 
[2021-01-20 11:02:57Z INFO Terminal] WRITE: [press Enter for ijarus-Inspiron-5557] 
[2021-01-20 11:02:57Z INFO Terminal] READ LINE
[2021-01-20 11:03:08Z INFO Terminal] Read value: 'self-hosted'
[2021-01-20 11:03:08Z INFO Terminal] WRITE LINE: 
[2021-01-20 11:03:08Z INFO CommandSettings] Arg 'labels': ''
[2021-01-20 11:03:08Z INFO CommandSettings] Flag 'unattended': 'False'
[2021-01-20 11:03:08Z INFO PromptManager] ReadValue
[2021-01-20 11:03:08Z INFO Terminal] WRITE: This runner will have the following labels: 'self-hosted', 'Linux', 'X64' 
Enter any additional labels (ex. label-1,label-2): 
[2021-01-20 11:03:08Z INFO Terminal] WRITE: [press Enter to skip] 
[2021-01-20 11:03:08Z INFO Terminal] READ LINE
[2021-01-20 11:03:13Z INFO Terminal] Read value: ''
[2021-01-20 11:03:13Z INFO Terminal] WRITE LINE: 
[2021-01-20 11:03:14Z INFO ConfigurationStore] Saving OAuth credential @ /home/ijarus/Documents/nodejs/nodejs-actions/actions-runner/.credentials
[2021-01-20 11:03:14Z INFO ConfigurationStore] Credentials Saved.
[2021-01-20 11:03:14Z INFO ConfigurationStore] HasCredentials()
[2021-01-20 11:03:14Z INFO ConfigurationStore] stored True
[2021-01-20 11:03:14Z INFO CredentialManager] GetCredentialProvider
[2021-01-20 11:03:14Z INFO CredentialManager] Creating type OAuth
[2021-01-20 11:03:14Z INFO CredentialManager] Creating credential type: OAuth
[2021-01-20 11:03:14Z INFO RSAFileKeyManager] Loading RSA key parameters from file /home/ijarus/Documents/nodejs/nodejs-actions/actions-runner/.credentials_rsaparams
[2021-01-20 11:03:14Z INFO RunnerServer] Establish connection with 100 seconds timeout.
[2021-01-20 11:03:14Z INFO GitHubActionsService] Starting operation Location.GetConnectionData
[2021-01-20 11:03:14Z INFO RunnerServer] Establish connection with 60 seconds timeout.
[2021-01-20 11:03:14Z INFO GitHubActionsService] Starting operation Location.GetConnectionData
[2021-01-20 11:03:14Z INFO RunnerServer] Establish connection with 60 seconds timeout.
[2021-01-20 11:03:14Z INFO GitHubActionsService] Starting operation Location.GetConnectionData
[2021-01-20 11:03:15Z INFO GitHubActionsService] Finished operation Location.GetConnectionData
[2021-01-20 11:03:15Z INFO GitHubActionsService] Finished operation Location.GetConnectionData
[2021-01-20 11:03:15Z INFO GitHubActionsService] Finished operation Location.GetConnectionData
[2021-01-20 11:03:16Z WARN GitHubActionsService] Authentication failed with status code 401.
Transfer-Encoding: chunked
WWW-Authenticate: Bearer
Strict-Transport-Security: max-age=2592000
X-TFS-ProcessId: 0ba618c3-91e8-4a09-bcc1-cf4e78d19b97
ActivityId: 6c32b1fa-614b-45d7-838a-48b7148dbf08
X-TFS-Session: 9765c024-9e88-45fa-959d-56545ff04df2
X-VSS-E2EID: 66e8a21a-38ae-4424-a503-65b60991094e
X-VSS-SenderDeploymentId: 13a19993-c6bc-326c-afb4-32c5519f46f0
X-TFS-ServiceError: The+user+%27System%3aPublicAccess%3baaaaaaaa-aaaa-aaaa-aaaa-aaaaaaaaaaaa%27+is+not+authorized+to+access+this+resource.
X-VSS-S2STargetService: 0000005A-0000-8888-8000-000000000000/visualstudio.com
X-MSEdge-Ref: Ref A: FF75218AB9004EF09623DFF7CC1B7399 Ref B: SIN30EDGE0118 Ref C: 2021-01-20T11:03:15Z
Date: Wed, 20 Jan 2021 11:03:15 GMT

[2021-01-20 11:03:16Z INFO RSAFileKeyManager] Loading RSA key parameters from file /home/ijarus/Documents/nodejs/nodejs-actions/actions-runner/.credentials_rsaparams
[2021-01-20 11:03:16Z INFO RSAFileKeyManager] Loading RSA key parameters from file /home/ijarus/Documents/nodejs/nodejs-actions/actions-runner/.credentials_rsaparams
[2021-01-20 11:03:17Z INFO GitHubActionsService] AAD Correlation ID for this token request: Unknown
[2021-01-20 11:03:18Z INFO CommandSettings] Arg 'work': ''
[2021-01-20 11:03:18Z INFO CommandSettings] Flag 'unattended': 'False'
[2021-01-20 11:03:18Z INFO PromptManager] ReadValue
[2021-01-20 11:03:18Z INFO Terminal] WRITE: Enter name of work folder: 
[2021-01-20 11:03:18Z INFO Terminal] WRITE: [press Enter for _work] 
[2021-01-20 11:03:18Z INFO Terminal] READ LINE
[2021-01-20 11:03:18Z INFO Terminal] Read value: ''
[2021-01-20 11:03:18Z INFO PromptManager] Falling back to the default: '_work'
[2021-01-20 11:03:18Z INFO ConfigurationStore] Saving runner settings.
[2021-01-20 11:03:18Z INFO ConfigurationStore] Settings Saved.
[2021-01-20 11:03:18Z INFO Terminal] WRITE LINE: 
[2021-01-20 11:03:18Z INFO Terminal] WRITE LINE: 
[2021-01-20 11:03:18Z INFO SystemDControlManager] Service name 'actions.runner.sjnyos-nodejs-actions.self-hosted.service' display name 'GitHub Actions Runner (sjnyos-nodejs-actions.self-hosted)' will be used for service configuration.
[2021-01-20 11:03:18Z INFO HostContext] Well known directory 'Bin': '/home/ijarus/Documents/nodejs/nodejs-actions/actions-runner/bin'
[2021-01-20 11:03:18Z INFO HostContext] Well known directory 'Root': '/home/ijarus/Documents/nodejs/nodejs-actions/actions-runner'
[2021-01-20 11:03:18Z INFO HostContext] Well known directory 'Bin': '/home/ijarus/Documents/nodejs/nodejs-actions/actions-runner/bin'
[2021-01-20 11:03:18Z INFO HostContext] Well known directory 'Bin': '/home/ijarus/Documents/nodejs/nodejs-actions/actions-runner/bin'
[2021-01-20 11:03:18Z INFO HostContext] Well known directory 'Root': '/home/ijarus/Documents/nodejs/nodejs-actions/actions-runner'
[2021-01-20 11:03:18Z INFO UnixUtil] Which: 'chmod'
[2021-01-20 11:03:18Z INFO UnixUtil] Location: '/usr/bin/chmod'
[2021-01-20 11:03:18Z INFO UnixUtil] Running /usr/bin/chmod 755 "/home/ijarus/Documents/nodejs/nodejs-actions/actions-runner/svc.sh"
[2021-01-20 11:03:18Z INFO ProcessInvokerWrapper] Starting process:
[2021-01-20 11:03:18Z INFO ProcessInvokerWrapper]   File name: '/usr/bin/chmod'
[2021-01-20 11:03:18Z INFO ProcessInvokerWrapper]   Arguments: '755 "/home/ijarus/Documents/nodejs/nodejs-actions/actions-runner/svc.sh"'
[2021-01-20 11:03:18Z INFO ProcessInvokerWrapper]   Working directory: '/home/ijarus/Documents/nodejs/nodejs-actions/actions-runner'
[2021-01-20 11:03:18Z INFO ProcessInvokerWrapper]   Require exit code zero: 'True'
[2021-01-20 11:03:18Z INFO ProcessInvokerWrapper]   Encoding web name:  ; code page: ''
[2021-01-20 11:03:18Z INFO ProcessInvokerWrapper]   Force kill process on cancellation: 'False'
[2021-01-20 11:03:18Z INFO ProcessInvokerWrapper]   Redirected STDIN: 'False'
[2021-01-20 11:03:18Z INFO ProcessInvokerWrapper]   Persist current code page: 'False'
[2021-01-20 11:03:18Z INFO ProcessInvokerWrapper]   Keep redirected STDIN open: 'False'
[2021-01-20 11:03:18Z INFO ProcessInvokerWrapper]   High priority process: 'False'
[2021-01-20 11:03:18Z INFO ProcessInvokerWrapper] Updated oom_score_adj to 500 for PID: 68669.
[2021-01-20 11:03:18Z INFO ProcessInvokerWrapper] Process started with process id 68669, waiting for process exit.
[2021-01-20 11:03:18Z INFO ProcessInvokerWrapper] STDOUT/STDERR stream read finished.
[2021-01-20 11:03:18Z INFO ProcessInvokerWrapper] STDOUT/STDERR stream read finished.
[2021-01-20 11:03:18Z INFO ProcessInvokerWrapper] Finished process 68669 with exit code 0, and elapsed time 00:00:00.0062394.
[2021-01-20 11:03:18Z INFO Listener] Runner execution has finished with return code 0
